<?xml version="1.0" encoding="UTF-8"?>
<testsuite xmlns:xsi="http://www.w3.org/2001/XMLSchema-instance" xsi:noNamespaceSchemaLocation="https://maven.apache.org/surefire/maven-surefire-plugin/xsd/surefire-test-report-3.0.xsd" version="3.0" name="examples.ExamplesTest" time="4.277" tests="1" errors="0" skipped="0" failures="0">
  <properties>
[...]
</properties>
  <testcase name="testParallel" classname="examples.ExamplesTest" time="4.259">
    <system-out><![CDATA[18:31:20.174 [main] INFO  com.intuit.karate.Runner - using system property 'karate.options': classpath:api-local.feature
18:31:20.875 [main] DEBUG com.intuit.karate.Suite - [config] classpath:karate-config.js
18:31:22.735 [main] INFO  com.intuit.karate - [print] Le moteur Karate fonctionne, le chat s'appelle: Félix 
---------------------------------------------------------
feature: classpath:api-local.feature
scenarios:  1 | passed:  1 | failed:  0 | time: 0.2498
---------------------------------------------------------

18:31:23.722 [main] INFO  com.intuit.karate.Suite - <<pass>> feature 1 of 1 (0 remaining) classpath:api-local.feature
Karate version: 1.4.1
======================================================
elapsed:   3.56 | threads:    1 | thread time: 0.25 
features:     1 | skipped:    0 | efficiency: 0.07
scenarios:    1 | passed:     1 | failed: 0
======================================================

HTML report: (paste into browser to view) | Karate version: 1.4.1
file:///workspaces/testKarate/karate-tests/target/karate-reports/karate-summary.html
===================================================================

]]></system-out>
  </testcase>
</testsuite>