<?xml version="1.0" encoding="UTF-8"?>
<testsuite xmlns:xsi="http://www.w3.org/2001/XMLSchema-instance" xsi:noNamespaceSchemaLocation="https://maven.apache.org/surefire/maven-surefire-plugin/xsd/surefire-test-report-3.0.xsd" version="3.0" name="RunnerTest" time="4.68" tests="1" errors="0" skipped="0" failures="0">
  <properties>
[...]
</properties>
  <testcase name="[1:6] Récupérer un animal par son ID" classname="exo2" time="3.575">
    <system-out><![CDATA[08:28:38.472 [main] DEBUG com.intuit.karate.Suite - [config] classpath:karate-config.js
08:28:39.810 [main] DEBUG com.intuit.karate - request:
1 > GET https://petstore.swagger.io/v2/pet/findByStatus?status=available
1 > Host: petstore.swagger.io
1 > Connection: Keep-Alive
1 > User-Agent: Apache-HttpClient/4.5.14 (Java/17.0.18)
1 > Accept-Encoding: gzip,deflate


08:28:40.508 [main] DEBUG com.intuit.karate - response time in milliseconds: 689
1 < 200
1 < Date: Wed, 04 Feb 2026 08:28:40 GMT
1 < Content-Type: application/json
1 < Transfer-Encoding: chunked
1 < Connection: keep-alive
1 < Access-Control-Allow-Origin: *
1 < Access-Control-Allow-Methods: GET, POST, DELETE, PUT
1 < Access-Control-Allow-Headers: Content-Type, api_key, Authorization
1 < Server: Jetty(9.2.9.v20150224)
[{"id":4518381029865976308,"name":"newname","photoUrls":[],"tags":[],"status":"available"},{"id":6725,"category":{"id":1,"name":"Dogs"},"name":"Fluffy","photoUrls":["https://example.com/photo1.jpg","https://example.com/photo2.jpg"],"tags":[{"id":1,"name":"friendly"},{"id":2,"name":"playful"}],"status":"available"},{"id":9992,"category":{"id":0,"name":"NotACrab"},"name":"doggie","photoUrls":["string"],"tags":[{"id":0,"name":"string"}],"status":"available"},{"id":2005,"name":"PriyaPet","photoUrls":[],"tags":[],"status":"available"},{"id":1011,"category":{"id":0,"name":"updatedpe"},"name":"updatedpet","photoUrls":["string"],"tags":[{"id":0,"name":"updatedpet"}],"status":"available"},{"id":580,"category":{"id":220,"name":"XBadshah"},"name":"Tiger","photoUrls":["https://www.google.com/url?sa=i&url=https%3A%2F%2Fpeople.com%2Fpets%2Ftiger-cub-loki-dies-london-zoo-after-seizures%2F&psig=AOvVaw2K4wKXXnJ9hirasFmtHMcV&ust=1672505406149000&source=images&cd=vfe&ved=0CA8QjRxqFwoTCOiBrqfmofwCFQAAAAAdAAAAABAE"],"tags":[{"id":222,"name":"MyBabyTiger"}],"status":"available"},{"id":69745597,"category":{"id":81776001,"name":"anim incididunt"},"name":"doggie","photoUrls":["ut elit","in"],"tags":[{"id":-30941697,"name":"laborum"},{"id":-56138752,"name":"tempor incididunt"}],"status":"available"},{"id":4546,"name":"john4546","photoUrls":[],"tags":[],"status":"available"},{"id":1488148814881488,"category":{"id":0,"name":"string"},"name":"Ken.Wisozk","photoUrls":["string"],"tags":[{"id":0,"name":"string"}],"status":"available"},{"id":6838,"category":{"id":1,"name":"Dogs"},"name":"Fluffy","photoUrls":["https://example.com/photo1.jpg","https://example.com/photo2.jpg"],"tags":[{"id":1,"name":"friendly"},{"id":2,"name":"playful"}],"status":"available"},{"id":4111,"category":{"id":0,"name":"string"},"name":"doggie","photoUrls":["string"],"tags":[{"id":0,"name":"string"}],"status":"available"},{"id":200,"category":{"id":200,"name":"swagger20"},"name":"swagger20","photoUrls":["string"],"tags":[{"id":200,"name":"swagger20"}],"status":"available"},{"id":5989,"category":{"id":1,"name":"Dogs"},"name":"Fluffy","photoUrls":["https://example.com/photo1.jpg","https://example.com/photo2.jpg"],"tags":[{"id":1,"name":"friendly"},{"id":2,"name":"playful"}],"status":"available"},{"id":9223372036854775222,"category":{"id":0,"name":"string"},"name":"doggie","photoUrls":["string"],"tags":[{"id":0,"name":"string"}],"status":"available"},{"id":237,"category":{"id":0,"name":"string"},"name":"Pet237","photoUrls":["string"],"tags":[{"id":0,"name":"string"}],"status":"available"},{"id":763,"category":{"id":0,"name":"string"},"name":"Pet763","photoUrls":["string"],"tags":[{"id":0,"name":"string"}],"status":"available"},{"id":209,"category":{"id":0,"name":"string"},"name":"Pet209","photoUrls":["string"],"tags":[{"id":0,"name":"string"}],"status":"available"},{"id":378,"category":{"id":0,"name":"string"},"name":"Pet378","photoUrls":["string"],"tags":[{"id":0,"name":"string"}],"status":"available"},{"id":867,"category":{"id":0,"name":"Samsung"},"name":"Tiger","photoUrls":["string"],"tags":[{"id":0,"name":"string"}],"status":"available"},{"id":20,"category":{"id":0,"name":"KKKKKKK"},"name":"doggie","photoUrls":["stringffff"],"tags":[{"id":0,"name":"string"}],"status":"available"},{"id":9223372036854022425,"category":{"id":0,"name":"Cute Lab Puppies"},"name":"Simba the lion","photoUrls":["https://images.app.goo.gl/TWFpB7qSfXDAzwkx9"],"tags":[{"id":0,"name":"Best friendly Breed"}],"status":"available"},{"id":344,"category":{"id":2,"name":"Dog"},"name":"barbos","photoUrls":["string"],"tags":[{"id":0,"name":"string"}],"status":"available"},{"id":1000002,"category":{"id":1,"name":"concurrent_test"},"name":"concurrent_pet_1000002","photoUrls":["http://example.com/photo.jpg"],"tags":[{"id":1,"name":"concurrent"}],"status":"available"},{"id":1000001,"category":{"id":1,"name":"concurrent_test"},"name":"concurrent_pet_1000001","photoUrls":["http://example.com/photo.jpg"],"tags":[{"id":1,"name":"concurrent"}],"status":"available"},{"id":1000000,"category":{"id":1,"name":"concurrent_test"},"name":"concurrent_pet_1000000","photoUrls":["http://example.com/photo.jpg"],"tags":[{"id":1,"name":"concurrent"}],"status":"available"},{"id":288890,"category":{"id":0,"name":""},"name":"Jerry","photoUrls":[],"tags":[{"id":0,"name":""}],"status":"available"},{"id":444444,"category":{"id":444444,"name":"string"},"name":"doggie","photoUrls":["string"],"tags":[{"id":444444,"name":"string"}],"status":"available"},{"id":870,"category":{"id":0,"name":"string"},"name":"Brown","photoUrls":["string"],"tags":[{"id":0,"name":"string"}],"status":"available"},{"id":9223372036854775001,"category":{"id":0,"name":"string"},"name":"doggie","photoUrls":["string"],"tags":[{"id":0,"name":"string"}],"status":"available"},{"id":937,"category":{"id":4444,"name":"dog"},"name":"Simba","photoUrls":["string"],"tags":[{"id":0,"name":"string"}],"status":"available"},{"id":43335,"category":{"id":15,"name":"dogs"},"name":"Sharik","photoUrls":["string"],"tags":[{"id":0,"name":"string"}],"status":"available"},{"id":3114,"category":{"id":3114,"name":"string"},"name":"doggie","photoUrls":["abc","def"],"tags":[{"id":0,"name":"test0"},{"id":1,"name":"test1"}],"status":"available"},{"id":9222968140491042131,"category":{"id":0,"name":"string"},"name":"doggie","photoUrls":["string"],"tags":[{"id":0,"name":"string"}],"status":"available"},{"id":609,"category":{"id":5,"name":"Dogs"},"name":"Jack","photoUrls":["string"],"tags":[{"id":5,"name":"Dog"}],"status":"available"},{"id":597,"category":{"id":5,"name":"Dogs"},"name":"Jack","photoUrls":["string"],"tags":[{"id":5,"name":"Dog"}],"status":"available"},{"id":9223372036854774915,"category":{"id":456,"name":"string"},"name":"Nemo fish","photoUrls":["https://www.google.com/url?sa=i&url=https%3A%2F%2Fwww.pond-planet.co.uk%2Fblog%2Ftropical-fish-for-beginners%2F&psig=AOvVaw3ncYgEL1idw9tzja96EVr8&ust=1729448236083000&source=images&cd=vfe&opi=89978449&ved=0CBMQjRxqFwoTCMDkzfCGm4kDFQAAAAAdAAAAABAE"],"tags":[{"id":0,"name":"fishes"}],"status":"available"},{"id":2916217,"category":{"id":72709064,"name":"proident enim"},"name":"doggie","photoUrls":["ut laboris","exercitation incididunt sit"],"tags":[{"id":41489136,"name":"dolor dolore et"},{"id":48842304,"name":"ut mollit ex cupidatat consectetur"}],"status":"available"},{"id":798,"category":{"id":5,"name":"Dogs"},"name":"Jack","photoUrls":["string"],"tags":[{"id":5,"name":"Dog"}],"status":"available"},{"id":349,"category":{"id":5,"name":"Dogs"},"name":"Jack","photoUrls":["string"],"tags":[{"id":5,"name":"Dog"}],"status":"available"},{"id":614,"name":"cat","photoUrls":["string"],"tags":[],"status":"available"},{"id":2611,"name":"XML Mogs","photoUrls":["http://xmlcats.com/1.jpg","http://xmlcats.com/2.jpg"],"tags":[],"status":"available"},{"id":9222968140497182614,"category":{"id":0,"name":"dog"},"name":"Pluto","photoUrls":["https::/example.com/pets/dogs/9222968140497182614/photo.png"],"tags":[{"id":0,"name":"pipa"}],"status":"available"},{"id":355,"category":{"id":6,"name":"SuperDogs"},"name":"Barsik","photoUrls":["string"],"tags":[{"id":6,"name":"SuperDogs"}],"status":"available"},{"id":20251014001,"name":"My Dog","photoUrls":[],"tags":[],"status":"available"},{"id":20251014003,"name":"My Dog","photoUrls":[],"tags":[],"status":"available"},{"id":20251014005,"name":"My Dog","photoUrls":[],"tags":[],"status":"available"},{"id":20251014007,"name":"My Dog","photoUrls":[],"tags":[],"status":"available"},{"id":20251014009,"name":"My Dog","photoUrls":[],"tags":[],"status":"available"},{"id":70586304435,"category":{"id":22059979,"name":"fishs"},"name":"nemo fish","photoUrls":["tempor laboris","https://klev26.ru/wp-content/uploads/b/d/4/bd40f13a82154aa08445aee40cf1186d.jpeg"],"tags":[{"id":-16259777,"name":"qui veniam fugia"},{"id":16047041,"name":"Duis ex ut"}],"status":"available"},{"id":92233720169000944,"category":{"id":0,"name":"fish"},"name":"Neikmo fish","photoUrls":["https://i.natgeofe.com/k/b6b9720a-1b63-4d14-849e-03dd415cd806/pufferfish-closeup_16x9.jpg?w=1200"],"tags":[{"id":0,"name":"string"}],"status":"available"},{"id":2334563,"category":{"id":2,"name":"dog"},"name":"doggie-yoggie","photoUrls":[],"tags":[],"status":"available"},{"id":9223372036854775454,"category":{"id":9,"name":"Cats"},"name":"Stesha","photoUrls":["https://pikabu.ru/story/belyie_siamyi_i_orientalyi_7472068"],"tags":[{"id":3,"name":"cats"}],"status":"available"},{"id":202602048878,"category":{"id":1,"name":"cat"},"name":"Техник","photoUrls":["https://disk.yandex.ru/i/ouCV-Pb_zMWMbA"],"tags":[],"status":"available"},{"id":9223372036854775463,"category":{"id":999,"name":"hummingbird"},"name":"my-hummingbird","photoUrls":["https://www.hummingbird.com"],"tags":[{"id":0,"name":"bird"}],"status":"available"},{"id":9223372036854775476,"category":{"id":0,"name":"string"},"name":"doggie","photoUrls":["string"],"tags":[{"id":0,"name":"string"}],"status":"available"},{"id":9223372036854775486,"category":{"id":0,"name":"string"},"name":"fish","photoUrls":["string"],"tags":[{"id":0,"name":"string"}],"status":"available"},{"id":9223372036854775492,"category":{"id":0,"name":"string"},"name":"doggie","photoUrls":["string"],"tags":[{"id":0,"name":"string"}],"status":"available"},{"id":9223372036854775493,"category":{"id":0,"name":"string"},"name":"doggie","photoUrls":["string"],"tags":[{"id":0,"name":"string"}],"status":"available"},{"id":9223372036854775494,"category":{"id":0,"name":"string"},"name":"doggie","photoUrls":["string"],"tags":[{"id":0,"name":"string"}],"status":"available"},{"id":9223372036854775495,"category":{"id":0,"name":"string"},"name":"fish","photoUrls":["string"],"tags":[{"id":0,"name":"string"}],"status":"available"},{"id":9223372036854775504,"category":{"id":0,"name":"string"},"name":"doggie","photoUrls":["string"],"tags":[{"id":0,"name":"string"}],"status":"available"},{"id":9223372036854775505,"category":{"id":0,"name":"string"},"name":"doggie","photoUrls":["string"],"tags":[{"id":0,"name":"string"}],"status":"available"},{"id":9223372036854775507,"category":{"id":0,"name":"string"},"name":"fish","photoUrls":["string"],"tags":[{"id":0,"name":"string"}],"status":"available"},{"id":9223372036854775508,"category":{"id":0,"name":"string"},"name":"fish","photoUrls":["string"],"tags":[{"id":0,"name":"string"}],"status":"available"},{"id":9223372036854775519,"category":{"id":0,"name":"string"},"name":"fish","photoUrls":["string"],"tags":[{"id":0,"name":"string"}],"status":"available"},{"id":9223372036854775520,"category":{"id":0,"name":"string"},"name":"doggie","photoUrls":["string"],"tags":[{"id":0,"name":"string"}],"status":"available"},{"id":9223372036854775521,"category":{"id":0,"name":"string"},"name":"doggie","photoUrls":["string"],"tags":[{"id":0,"name":"string"}],"status":"available"},{"id":9223372036854775522,"category":{"id":0,"name":"string"},"name":"doggie","photoUrls":["string"],"tags":[{"id":0,"name":"string"}],"status":"available"},{"id":9223372036854775529,"category":{"id":0,"name":"string"},"name":"fish","photoUrls":["string"],"tags":[{"id":0,"name":"string"}],"status":"available"},{"id":9223372036854775531,"category":{"id":0,"name":"string"},"name":"fish","photoUrls":["string"],"tags":[{"id":0,"name":"string"}],"status":"available"},{"id":9223372036854775543,"category":{"id":0,"name":"string"},"name":"fish","photoUrls":["string"],"tags":[{"id":0,"name":"string"}],"status":"available"},{"id":9223372036854775544,"category":{"id":0,"name":"string"},"name":"fish","photoUrls":["string"],"tags":[{"id":0,"name":"string"}],"status":"available"},{"id":9223372036854775546,"category":{"id":0,"name":"string"},"name":"doggie","photoUrls":["string"],"tags":[{"id":0,"name":"string"}],"status":"available"},{"id":9222968140497180179,"category":{"id":0,"name":"string"},"name":"test","photoUrls":["string"],"tags":[{"id":0,"name":"string"}],"status":"available"},{"id":9223372036854775547,"category":{"id":999,"name":"hummingbird"},"name":"my-hummingbird","photoUrls":["https://www.hummingbird.com"],"tags":[{"id":0,"name":"bird"}],"status":"available"},{"id":9223372036854775553,"category":{"id":0,"name":"monkey"},"name":"Banana","photoUrls":["string"],"tags":[{"id":0,"name":"string"}],"status":"available"},{"id":9223372036854775569,"category":{"id":0,"name":"string"},"name":"fish","photoUrls":["string"],"tags":[{"id":0,"name":"string"}],"status":"available"},{"id":9223372036854775570,"category":{"id":0,"name":"string"},"name":"doggie","photoUrls":["string"],"tags":[{"id":0,"name":"string"}],"status":"available"},{"id":9223372036854775582,"category":{"id":0,"name":"string"},"name":"fish","photoUrls":["string"],"tags":[{"id":0,"name":"string"}],"status":"available"},{"id":9223372036854775583,"category":{"id":0,"name":"string"},"name":"doggie","photoUrls":["string"],"tags":[{"id":0,"name":"string"}],"status":"available"},{"id":9223372036854775584,"category":{"id":0,"name":"monkey"},"name":"Banana","photoUrls":["string"],"tags":[{"id":0,"name":"string"}],"status":"available"},{"id":9223372036854775585,"category":{"id":0,"name":"monkey"},"name":"Banana","photoUrls":["string"],"tags":[{"id":0,"name":"string"}],"status":"available"},{"id":9223372036854775610,"category":{"id":0,"name":"string"},"name":"fish","photoUrls":["string"],"tags":[{"id":0,"name":"string"}],"status":"available"},{"id":9223372036854775622,"category":{"id":0,"name":"dog"},"name":"Johnny","photoUrls":["string"],"tags":[{"id":0,"name":"string"}],"status":"available"},{"id":9223372036854775623,"category":{"id":9,"name":"Cats"},"name":"Stesha","photoUrls":["https://pikabu.ru/story/belyie_siamyi_i_orientalyi_7472068"],"tags":[{"id":3,"name":"cats"}],"status":"available"},{"id":9223372036854775624,"category":{"id":0,"name":"string"},"name":"fish","photoUrls":["string"],"tags":[{"id":0,"name":"string"}],"status":"available"},{"id":9223372036854775625,"category":{"id":9,"name":"Cats"},"name":"Stesha","photoUrls":["https://pikabu.ru/story/belyie_siamyi_i_orientalyi_7472068"],"tags":[{"id":3,"name":"cats"}],"status":"available"},{"id":9223372036854775648,"category":{"id":0,"name":"string"},"name":"fish","photoUrls":["string"],"tags":[{"id":0,"name":"string"}],"status":"available"},{"id":9223372036854775667,"category":{"id":0,"name":"string"},"name":"fish","photoUrls":["string"],"tags":[{"id":0,"name":"string"}],"status":"available"},{"id":9223372036854775675,"category":{"id":0,"name":"string"},"name":"fish","photoUrls":["string"],"tags":[{"id":0,"name":"string"}],"status":"available"},{"id":103,"photoUrls":["https://example.com/photos/noname.jpg"],"tags":[],"status":"available"},{"id":9223372036854775712,"category":{"id":0,"name":"string"},"name":"fish","photoUrls":["string"],"tags":[{"id":0,"name":"string"}],"status":"available"},{"id":9223372036854775722,"category":{"id":0,"name":"string"},"name":"doggie","photoUrls":["string"],"tags":[{"id":0,"name":"string"}],"status":"available"},{"id":9223372036854775727,"category":{"id":0,"name":"string"},"name":"fish","photoUrls":["string"],"tags":[{"id":0,"name":"string"}],"status":"available"},{"id":6365043602,"category":{"id":12,"name":"string"},"name":"doggie-6365043602","photoUrls":["string"],"tags":[{"id":0,"name":"string"}],"status":"available"},{"id":5110111646,"category":{"id":12,"name":"string"},"name":"Milo-5110111646","photoUrls":["string"],"tags":[{"id":0,"name":"string"}],"status":"available"},{"id":2286239376,"category":{"id":12,"name":"string"},"name":"doggie-2286239376","photoUrls":["string"],"tags":[{"id":0,"name":"string"}],"status":"available"},{"id":9223372036854775749,"category":{"id":0,"name":"string"},"name":"test","photoUrls":["string"],"tags":[{"id":0,"name":"string"}],"status":"available"},{"id":9223372036854775750,"category":{"id":0,"name":"string"},"name":"test","photoUrls":["string"],"tags":[{"id":0,"name":"string"}],"status":"available"},{"id":9223372036854775752,"category":{"id":0,"name":"string"},"name":"fish","photoUrls":["string"],"tags":[{"id":0,"name":"string"}],"status":"available"},{"id":9223372036854775760,"category":{"id":0,"name":"string"},"name":"test","photoUrls":["string"],"tags":[{"id":0,"name":"string"}],"status":"available"},{"id":9223372036854775768,"category":{"id":0,"name":"string"},"name":"fish","photoUrls":["string"],"tags":[{"id":0,"name":"string"}],"status":"available"},{"id":9223372036854775791,"category":{"id":0,"name":"string"},"name":"fish","photoUrls":["string"],"tags":[{"id":0,"name":"string"}],"status":"available"},{"id":9223372036854775792,"category":{"id":0,"name":"string"},"name":"doggie","photoUrls":["string"],"tags":[{"id":0,"name":"string"}],"status":"available"},{"id":9223372036854775799,"category":{"id":0,"name":"string"},"name":"doggie","photoUrls":["string"],"tags":[{"id":0,"name":"string"}],"status":"available"},{"id":9223372036854775804,"category":{"id":0,"name":"Johan"},"name":"doggie","photoUrls":["string"],"tags":[{"id":0,"name":"string"}],"status":"available"},{"id":9879,"category":{"id":900,"name":"dogs"},"name":"Pushok","photoUrls":["string"],"tags":[{"id":0,"name":"string"}],"status":"available"},{"id":9223372036854775805,"category":{"id":0,"name":""},"name":"doggie","photoUrls":["string"],"tags":[{"id":0,"name":"string"}],"status":"available"},{"id":50002,"category":{"id":0,"name":"string"},"name":"doggie","photoUrls":["string"],"tags":[{"id":0,"name":"string"}],"status":"available"},{"id":2626815827,"category":{"id":12,"name":"string"},"name":"doggie-2626815827","photoUrls":["string"],"tags":[{"id":0,"name":"string"}],"status":"available"},{"id":3356606059,"category":{"id":12,"name":"string"},"name":"doggie-3356606059","photoUrls":["string"],"tags":[{"id":0,"name":"string"}],"status":"available"},{"id":80,"category":{"id":10,"name":"Рыба"},"name":"Дружок","photoUrls":["esse Ut elit","sint magna"],"tags":[{"id":-36555706,"name":"voluptate dolor nulla labore"},{"id":3842154,"name":"deserunt "}],"status":"available"},{"id":14142084,"category":{"id":-86643235,"name":"in anim"},"name":"doggie","photoUrls":["Duis aute nostrud","irure nisi cupida"],"tags":[{"id":-74211391,"name":"esse qui elit"},{"id":-7539062,"name":"exercitation aliqua labore cupidatat"}],"status":"available"},{"id":555777,"category":{"id":4444,"name":"dogs"},"name":"Jack","photoUrls":["string"],"tags":[{"id":0,"name":"string"}],"status":"available"},{"id":2063489,"category":{"id":1,"name":"Animale Dolofane"},"name":"Panda","photoUrls":["/test"],"tags":[{"id":0,"name":"string"}],"status":"available"},{"id":85964529,"category":{"id":-85148330,"name":"eiusmod occaecat minim anim"},"name":"doggie","photoUrls":["sed eu nulla","sed magna mollit"],"tags":[{"id":-19521509,"name":"adipisicing in"},{"id":-44277506,"name":"mollit aliquip sed in"}],"status":"available"},{"id":44287874,"category":{"id":56142504,"name":"proident in culpa"},"name":"doggie","photoUrls":["deserunt nisi occaecat adipisicing elit","volup"],"tags":[{"id":75841058,"name":"enim elit labore aute"},{"id":81012343,"name":"ullamco eiusmod aute pariatur"}],"status":"available"},{"id":90786519,"category":{"id":99414709,"name":"ut velit veniam"},"name":"doggie","photoUrls":["magna quis","ut sit cillum commodo"],"tags":[{"id":-22825790,"name":"Excepteur veniam"},{"id":57872918,"name":"magna et"}],"status":"available"},{"id":16857494,"category":{"id":22812970,"name":"Lorem"},"name":"doggie","photoUrls":["consectetur officia commodo","mollit non"],"tags":[{"id":-72572843,"name":"deserunt quis dolore aliquip eu"},{"id":-8902430,"name":"voluptate aliqua"}],"status":"available"},{"id":366,"category":{"id":0,"name":"Labrador"},"name":"Monica","photoUrls":["string"],"tags":[{"id":366,"name":"Cute-lab"}],"status":"available"},{"id":72638067,"category":{"id":61967468,"name":"Duis eiusmod non voluptat"},"name":"doggie","photoUrls":["deserunt Duis qui","dolor in voluptate"],"tags":[{"id":-36386852,"name":"e"},{"id":77359864,"name":"velit"}],"status":"available"},{"id":4061958217,"category":{"id":12,"name":"string"},"name":"doggie-4061958217","photoUrls":["string"],"tags":[{"id":0,"name":"string"}],"status":"available"},{"id":9223009045,"category":{"id":12,"name":"string"},"name":"doggie-9223009045","photoUrls":["string"],"tags":[{"id":0,"name":"string"}],"status":"available"},{"id":9239151689,"category":{"id":12,"name":"string"},"name":"Milo-9239151689","photoUrls":["string"],"tags":[{"id":0,"name":"string"}],"status":"available"},{"id":42185241,"category":{"id":-36607462,"name":"occaecat minim"},"name":"doggie","photoUrls":["Duis ea dolor anim","Lorem quis deserunt occaecat"],"tags":[{"id":-22418181,"name":"ipsum sit ad"},{"id":47214278,"name":"Lorem nulla"}],"status":"available"},{"id":8,"category":{"id":3,"name":"Pete"},"name":"Doge","photoUrls":["string"],"tags":[{"id":6,"name":"Cate"}],"status":"available"},{"id":9898989899,"category":{"id":0,"name":"cat"},"name":"marko","photoUrls":["undefined"],"tags":[{"id":0,"name":"new"}],"status":"available"},{"id":989898989945421,"category":{"id":9898989899,"name":"cat one's"},"name":"marko one love","photoUrls":["null"],"tags":[{"id":0,"name":"cat"}],"status":"available"},{"id":16192485,"category":{"id":62291983,"name":"consectetur nostrud"},"name":"doggie","photoUrls":["ipsum incididunt in","magna ullamco et"],"tags":[{"id":25068722,"name":"velit dolore labore"},{"id":75633110,"name":"tempor sunt quis et officia"}],"status":"available"},{"id":25253093,"category":{"id":-8712087,"name":"incididunt ullamco Lorem pariatur"},"name":"doggie","photoUrls":["in nulla","consequat officia aliqua sint"],"tags":[{"id":1776061,"name":"pariatur Excepteur"},{"id":-16418227,"name":"cupidatat eu est veniam"}],"status":"available"},{"id":74784015,"category":{"id":-66411488,"name":"velit"},"name":"doggie","photoUrls":["Ut","culpa consectetur aliqua adipisicing"],"tags":[{"id":17942317,"name":"consectetur laboris pariatur proid"},{"id":62813114,"name":"sint"}],"status":"available"},{"id":19764410,"category":{"id":-5476781,"name":"quis sit aute anim"},"name":"doggie","photoUrls":["commodo elit irure","quis consequat deserunt eu eiusmod"],"tags":[{"id":24327777,"name":"nostrud sed"},{"id":-89952348,"name":"sunt aliquip"}],"status":"available"},{"id":15476522,"category":{"id":85459667,"name":"minim cupidatat sunt nisi veniam"},"name":"doggie","photoUrls":["aliqua","consectetur esse"],"tags":[{"id":-18585804,"name":"quis Ut"},{"id":3151360,"name":"quis ut deserunt dolor"}],"status":"available"},{"id":1245,"category":{"id":1245,"name":"xyz"},"name":"xyz","photoUrls":["test"],"tags":[],"status":"available"},{"id":7260479357,"category":{"id":12,"name":"string"},"name":"doggie-7260479357","photoUrls":["string"],"tags":[{"id":0,"name":"string"}],"status":"available"},{"id":3616529817,"category":{"id":12,"name":"string"},"name":"Milo-3616529817","photoUrls":["string"],"tags":[{"id":0,"name":"string"}],"status":"available"},{"id":6763210902,"category":{"id":12,"name":"string"},"name":"doggie-6763210902","photoUrls":["string"],"tags":[{"id":0,"name":"string"}],"status":"available"},{"id":9341301869,"category":{"id":12,"name":"string"},"name":"Milo-9341301869","photoUrls":["string"],"tags":[{"id":0,"name":"string"}],"status":"available"},{"id":7419713487,"category":{"id":12,"name":"string"},"name":"doggie-7419713487","photoUrls":["string"],"tags":[{"id":0,"name":"string"}],"status":"available"},{"id":1871560703,"category":{"id":12,"name":"string"},"name":"doggie-1871560703","photoUrls":["string"],"tags":[{"id":0,"name":"string"}],"status":"available"},{"id":99999,"category":{"id":1,"name":"Dogs"},"name":"PerfTestDog","photoUrls":["https://example.com/perf.jpg"],"tags":[{"id":1,"name":"perf-test"}],"status":"available"},{"id":268751,"category":{"id":1,"name":"Dogs"},"name":"Buddy","photoUrls":["https://example.com/photo1.jpg"],"tags":[],"status":"available"},{"id":78730,"category":{"id":1,"name":"Cat"},"name":"Snowwhite","photoUrls":[""],"tags":[{"id":101,"name":"Snowwhite"}],"status":"available"},{"id":78732,"category":{"id":3,"name":"Snake"},"name":"Orochimaru","photoUrls":[""],"tags":[{"id":303,"name":"Orochimaru"}],"status":"available"},{"id":1951,"category":{"id":1,"name":"Aves Exoticas"},"name":"Chicharito","photoUrls":["null"],"tags":[{"id":1,"name":"Perico"}],"status":"available"},{"id":99443176,"category":{"id":70265227,"name":"cons"},"name":"doggie","photoUrls":["amet deserunt anim","volup"],"tags":[{"id":4652912,"name":"nostr"},{"id":-63785388,"name":"deserunt esse ullamco commodo"}],"status":"available"},{"id":29311189,"category":{"id":55752576,"name":"est do"},"name":"doggie","photoUrls":["eu","qui do"],"tags":[{"id":79015766,"name":"est veniam sint et"},{"id":18397334,"name":"ut occaecat"}],"status":"available"},{"id":999001,"name":"Pedro","photoUrls":[],"tags":[],"status":"available"},{"id":2900270,"category":{"id":-54796499,"name":"deserunt occaecat proid"},"name":"doggie","photoUrls":["aliqua ipsum dolor ex mollit","eiusmod"],"tags":[{"id":-46754783,"name":"adipisicing deserunt sint"},{"id":83307683,"name":"laborum"}],"status":"available"},{"id":254,"category":{"id":0,"name":"Vladimir.Koch12"},"name":"catty","photoUrls":["string"],"tags":[{"id":0,"name":"string"}],"status":"available"},{"id":5270697,"category":{"id":86672200,"name":"sunt nulla quis"},"name":"doggie","photoUrls":["ut voluptate amet nulla","aliquip velit sunt"],"tags":[{"id":13740046,"name":"dolore in aliquip in"},{"id":-88982321,"name":"sint incididunt"}],"status":"available"},{"id":112,"category":{"id":2,"name":"Tommy"},"name":"Daryl","photoUrls":["string"],"tags":[{"id":0,"name":"Jacky"}],"status":"available"},{"id":112121212121,"category":{"id":2,"name":"Tommy12"},"name":"doggie1","photoUrls":["string"],"tags":[{"id":0,"name":"Jack1y"}],"status":"available"},{"id":987654321,"category":{"id":0,"name":"string"},"name":"doggie","photoUrls":["string"],"tags":[{"id":0,"name":"string"}],"status":"available"},{"id":7434,"category":{"id":1,"name":"Dogs"},"name":"Test Pet 20260204_065404","photoUrls":["https://example.com/photo1.jpg","https://example.com/photo2.jpg"],"tags":[{"id":1,"name":"friendly"},{"id":2,"name":"trained"}],"status":"available"},{"id":30484,"category":{"id":1,"name":"Dogs"},"name":"Pet with available status","photoUrls":["https://example.com/photo1.jpg","https://example.com/photo2.jpg"],"tags":[{"id":1,"name":"friendly"},{"id":2,"name":"trained"}],"status":"available"},{"id":24670195,"category":{"id":95348937,"name":"amet elit"},"name":"doggie","photoUrls":["laborum occaecat amet velit","consectetur officia c"],"tags":[{"id":90598410,"name":"Ut laboris"},{"id":-94876850,"name":"irure occaecat Lorem sit anim"}],"status":"available"},{"id":304,"category":{"id":304,"name":"shibaInu"},"name":"shibaInu","photoUrls":["www.petstore.com/shibaInu"],"tags":[{"id":304,"name":"shibaInu"}],"status":"available"},{"id":3569694029899813000,"category":{"id":680818045918211800,"name":"ClarenceMoore"},"name":"OtweCwy","photoUrls":["https://distinct-tuxedo.biz/"],"tags":[{"id":4108795724054251500,"name":"KarlBednar"}],"status":"available"},{"id":4044432844032053000,"category":{"id":6534522779391093000,"name":"MariaGraham"},"name":"ZeksUee","photoUrls":["https://aromatic-figure.info/"],"tags":[{"id":2554160046027263500,"name":"LaurieLeffler"}],"status":"available"},{"id":3195487258770519000,"category":{"id":807319212887792400,"name":"SheilaZemlak"},"name":"lgawjn","photoUrls":["https://unnatural-residence.com/"],"tags":[{"id":5425625165303753000,"name":"AnnieGleason"}],"status":"available"},{"id":3862103912357881000,"category":{"id":1372480837852020700,"name":"BennyLeuschke"},"name":"khgqxj","photoUrls":["https://those-throne.name"],"tags":[{"id":7646754552298887000,"name":"RonGleichner"}],"status":"available"},{"id":9404,"category":{"id":10,"name":"string"},"name":"doggie","photoUrls":["string","string"],"tags":[{"id":4548,"name":"string"},{"id":1135,"name":"string"}],"status":"available"},{"id":55,"category":{"id":51,"name":"when.pptx"},"name":"Joshua Stone","photoUrls":["http://lawson.biz/"],"tags":[{"id":33,"name":"satkinson"}],"status":"available"},{"id":7114,"category":{"id":1366825701,"name":"automation"},"name":"hello kity","photoUrls":["foo.bar.com/1","foo.bar.com/2"],"tags":[{"id":332,"name":"tagss"}],"status":"available"},{"id":3965648916235832000,"category":{"id":1670968181075623400,"name":"FernandoKuhn"},"name":"IetzHst","photoUrls":["https://competent-reamer.net"],"tags":[{"id":6200868140983166000,"name":"BillieGrady"}],"status":"available"},{"id":164387253952565400,"category":{"id":180360211967848500,"name":"WilbertRoob"},"name":"SiprPny","photoUrls":["https://peppery-incentive.name"],"tags":[{"id":4610092095264248300,"name":"AltonBrown-Bernhard"}],"status":"available"},{"id":52404043104011720,"category":{"id":519656234120959600,"name":"WhitneyLind"},"name":"Modqslasq Ljetonn","photoUrls":["https://quixotic-bus.biz/"],"tags":[{"id":2232371549186303000,"name":"CathyJenkins"}],"status":"available"},{"id":1673853388048726000,"category":{"id":2054060595100496400,"name":"TraciBashirian"},"name":"Upvxxhnjz Bgrhatr","photoUrls":["https://spotless-conservation.com/"],"tags":[{"id":6862643866554468000,"name":"CharlieOsinski"}],"status":"available"},{"id":112233,"category":{"id":30,"name":"Eq-dog"},"name":"Postman","photoUrls":["URLLink"],"tags":[{"id":10,"name":"Doberman"}],"status":"available"},{"id":451480056,"category":{"id":1132131,"name":"test_category"},"name":"test_pet_for_api_tool","photoUrls":["http://example.com/photo.jpg"],"tags":[{"id":0,"name":"test_tag"}],"status":"available"},{"id":523713710,"category":{"id":1132131,"name":"test_category"},"name":"test_pet_for_api_tool","photoUrls":["http://example.com/photo.jpg"],"tags":[{"id":0,"name":"test_tag"}],"status":"available"},{"id":335043671,"category":{"id":-29245128,"name":"incididunt"},"name":"executing_from_test","photoUrls":["dolore Excepteur est","consequat in labore"],"tags":[{"id":-55902183,"name":"Lorem laboris nulla"},{"id":67424482,"name":"incididunt ipsum eiusmod"}],"status":"available"},{"id":721898017,"category":{"id":1132131,"name":"test_category"},"name":"test_pet_for_api_tool","photoUrls":["http://example.com/photo.jpg"],"tags":[{"id":0,"name":"test_tag"}],"status":"available"},{"id":12771,"name":"AfterUpdate_1770169468168","photoUrls":["https://example.com/after.jpg"],"tags":[],"status":"available"},{"id":24364,"name":"FormUpdated_1770169468233","photoUrls":["https://example.com/form-test.jpg"],"tags":[],"status":"available"},{"id":88052,"name":"GetById_1770169467352","photoUrls":["https://example.com/getbyid.jpg"],"tags":[],"status":"available"},{"id":19071907,"category":{"id":1,"name":"hav hav"},"name":"Dog","photoUrls":["https://www.youtube.com/watch?v=5wzntE1XNrs"],"tags":[{"id":0,"name":"animal"},{"id":1,"name":"pet"},{"id":2,"name":"dog"}],"status":"available"},{"id":34534533,"category":{"id":1,"name":"hav hav update"},"name":"Dog Update","photoUrls":["https://www.youtube.com/watch?v=5wzntE1XNrs"],"tags":[{"id":0,"name":"animal"},{"id":1,"name":"pet update"},{"id":2,"name":"dog update"}],"status":"available"},{"id":880549294,"category":{"id":1132131,"name":"test_category"},"name":"test_pet_for_api_tool","photoUrls":["http://example.com/photo.jpg"],"tags":[{"id":0,"name":"test_tag"}],"status":"available"},{"id":606006,"category":{"id":0,"name":"enes"},"name":"ist","photoUrls":["string"],"tags":[{"id":0,"name":"wasd"},{"id":1,"name":"dsaw"}],"status":"available"},{"id":2809,"category":{"id":0,"name":"kuş"},"name":"kırık","photoUrls":["string"],"tags":[{"id":5,"name":"hızlı"},{"id":1,"name":"çok renkli"}],"status":"available"},{"id":7913,"category":{"id":1,"name":"Dogs"},"name":"Duplicate ID Pet","photoUrls":["https://example.com/photo1.jpg","https://example.com/photo2.jpg"],"tags":[{"id":1,"name":"friendly"},{"id":2,"name":"trained"}],"status":"available"},{"id":756900,"name":"AAAAAAAAAAAAAAAAAAAAAAAAAAAAAAAAAAAAAAAAAAAAAAAAAAAAAAAAAAAAAAAAAAAAAAAAAAAAAAAAAAAAAAAAAAAAAAAAAAAA","photoUrls":["https://example.com/photo0.jpg","https://example.com/photo1.jpg","https://example.com/photo2.jpg","https://example.com/photo3.jpg","https://example.com/photo4.jpg","https://example.com/photo5.jpg","https://example.com/photo6.jpg","https://example.com/photo7.jpg","https://example.com/photo8.jpg","https://example.com/photo9.jpg"],"tags":[{"id":0,"name":"tag0"},{"id":1,"name":"tag1"},{"id":2,"name":"tag2"},{"id":3,"name":"tag3"},{"id":4,"name":"tag4"},{"id":5,"name":"tag5"},{"id":6,"name":"tag6"},{"id":7,"name":"tag7"},{"id":8,"name":"tag8"},{"id":9,"name":"tag9"},{"id":10,"name":"tag10"},{"id":11,"name":"tag11"},{"id":12,"name":"tag12"},{"id":13,"name":"tag13"},{"id":14,"name":"tag14"},{"id":15,"name":"tag15"},{"id":16,"name":"tag16"},{"id":17,"name":"tag17"},{"id":18,"name":"tag18"},{"id":19,"name":"tag19"}],"status":"available"},{"id":7844,"name":"Pet with 特殊字符 & émojis \uD83D\uDC15","photoUrls":["https://example.com/photo.jpg"],"tags":[],"status":"available"},{"id":6414,"category":{"id":1,"name":"Dogs"},"name":"Test Pet 20260204_090327","photoUrls":["https://example.com/photo1.jpg","https://example.com/photo2.jpg"],"tags":[{"id":1,"name":"friendly"},{"id":2,"name":"trained"}],"status":"available"},{"id":1665,"category":{"id":1,"name":"Dogs"},"name":"Test Pet 20260204_090328","photoUrls":["https://example.com/photo1.jpg","https://example.com/photo2.jpg"],"tags":[{"id":1,"name":"friendly"},{"id":2,"name":"trained"}],"status":"available"},{"id":8615,"category":{"id":1,"name":"Dogs"},"name":"Test Pet 20260204_090329","photoUrls":["https://example.com/photo1.jpg","https://example.com/photo2.jpg"],"tags":[{"id":1,"name":"friendly"},{"id":2,"name":"trained"}],"status":"available"},{"id":8616,"name":"XML Test Pet","photoUrls":["https://example.com/xml_photo.jpg"],"tags":[],"status":"available"},{"id":600,"category":{"id":0,"name":"string"},"name":"Rocky","photoUrls":["string"],"tags":[{"id":0,"name":"string"}],"status":"available"},{"id":9223372016900011620,"category":{"id":-6564867,"name":"Rabit"},"name":"Flaffy","photoUrls":[],"tags":[{"id":2285843,"name":"Brown milk colour"},{"id":-48126337,"name":"small"}],"status":"available"},{"id":55555,"category":{"id":1,"name":"frogs"},"name":"Edge","photoUrls":["string"],"tags":[{"id":0,"name":"string"}],"status":"available"},{"id":12,"category":{"id":1,"name":"string"},"name":"doggie","photoUrls":["string"],"tags":[{"id":1,"name":"string"}],"status":"available"},{"id":118608701,"category":{"id":1132131,"name":"test_category"},"name":"test_pet_for_api_tool","photoUrls":["http://example.com/photo.jpg"],"tags":[{"id":0,"name":"test_tag"}],"status":"available"},{"id":417453044,"category":{"id":1132131,"name":"test_category"},"name":"test_pet_for_api_tool","photoUrls":["http://example.com/photo.jpg"],"tags":[{"id":0,"name":"test_tag"}],"status":"available"},{"id":783483903,"category":{"id":1132131,"name":"test_category"},"name":"test_pet_for_api_tool","photoUrls":["http://example.com/photo.jpg"],"tags":[{"id":0,"name":"test_tag"}],"status":"available"},{"id":1835,"name":"doggie","photoUrls":["string"],"tags":[],"status":"available"},{"id":56465,"category":{"id":1,"name":"Tata"},"name":"Pug","photoUrls":["tt"],"tags":[{"id":1,"name":"teste"}],"status":"available"},{"id":6743,"category":{"id":3737,"name":"string"},"name":"doggie","photoUrls":["string","string"],"tags":[{"id":5471,"name":"string"},{"id":2111,"name":"string"}],"status":"available"},{"id":767314484,"category":{"id":1132131,"name":"test_category"},"name":"test_pet_for_api_tool","photoUrls":["http://example.com/photo.jpg"],"tags":[{"id":0,"name":"test_tag"}],"status":"available"},{"id":123456789,"category":{"id":1,"name":"Dogs"},"name":"Rex","photoUrls":["https://example.com/photo1"],"tags":[{"id":1,"name":"cute"}],"status":"available"},{"id":998789443,"category":{"id":1132131,"name":"test_category"},"name":"test_pet_for_api_tool","photoUrls":["http://example.com/photo.jpg"],"tags":[{"id":0,"name":"test_tag"}],"status":"available"},{"id":336047418,"category":{"id":1132131,"name":"test_category"},"name":"test_pet_for_api_tool","photoUrls":["http://example.com/photo.jpg"],"tags":[{"id":0,"name":"test_tag"}],"status":"available"},{"id":102503328,"category":{"id":1132131,"name":"test_category"},"name":"test_pet_for_api_tool","photoUrls":["http://example.com/photo.jpg"],"tags":[{"id":0,"name":"test_tag"}],"status":"available"},{"id":611,"category":{"id":0,"name":"zurafaa"},"name":"zurafaa","photoUrls":["string"],"tags":[{"id":0,"name":"string"}],"status":"available"},{"id":3,"name":"Unicorn","photoUrls":[],"tags":[],"status":"available"},{"id":4,"category":{"id":8,"name":"doggiepic2"},"name":"doggie","photoUrls":["string"],"tags":[{"id":0,"name":"string"}],"status":"available"},{"id":33,"category":{"id":3,"name":"doggiepic2"},"name":"doggie","photoUrls":["string"],"tags":[{"id":0,"name":"string"}],"status":"available"},{"id":8888,"name":"conejo","photoUrls":[],"tags":[],"status":"available"},{"id":785663,"category":{"id":10,"name":"Fish"},"name":"Lucas","photoUrls":["https://picsum.photos/651/978"],"tags":[{"id":37,"name":"up"}],"status":"available"},{"id":326686,"category":{"id":10,"name":"Reptiles"},"name":"Benjamin","photoUrls":["https://placekitten.com/341/598"],"tags":[{"id":51,"name":"small"}],"status":"available"},{"id":698008,"category":{"id":6,"name":"Birds"},"name":"Erica","photoUrls":["https://placekitten.com/369/883"],"tags":[{"id":96,"name":"push"}],"status":"available"},{"id":148421,"category":{"id":3,"name":"Birds"},"name":"Kristen","photoUrls":["https://picsum.photos/599/777"],"tags":[{"id":14,"name":"talk"}],"status":"available"},{"id":137664,"category":{"id":5,"name":"Reptiles"},"name":"Rebecca","photoUrls":["https://placekitten.com/368/472"],"tags":[{"id":27,"name":"air"}],"status":"available"},{"id":216968,"category":{"id":5,"name":"Small Pets"},"name":"Cassandra","photoUrls":["https://dummyimage.com/451x112"],"tags":[{"id":18,"name":"away"}],"status":"available"},{"id":424329,"category":{"id":7,"name":"Fish"},"name":"Marie","photoUrls":["https://dummyimage.com/296x252"],"tags":[{"id":46,"name":"central"}],"status":"available"},{"id":126614,"category":{"id":8,"name":"Dogs"},"name":"Michelle","photoUrls":["https://picsum.photos/177/435"],"tags":[{"id":99,"name":"ever"}],"status":"available"},{"id":6789,"category":{"id":1,"name":"dog"},"name":"doggie-postman-updated","photoUrls":["string"],"tags":[{"id":0,"name":"string"}],"status":"available"},{"id":111,"category":{"id":0,"name":"string"},"name":"doggie","photoUrls":["string"],"tags":[{"id":0,"name":"string"}],"status":"available"},{"id":840009246,"category":{"id":1132131,"name":"test_category"},"name":"test_pet_for_api_tool","photoUrls":["http://example.com/photo.jpg"],"tags":[{"id":0,"name":"test_tag"}],"status":"available"},{"id":99,"category":{"id":101,"name":"dogz"},"name":"fido","photoUrls":["http://fido.jpg"],"tags":[{"id":102,"name":"friendly"}],"status":"available"},{"id":978969313,"category":{"id":1132131,"name":"test_category"},"name":"test_pet_for_api_tool","photoUrls":["http://example.com/photo.jpg"],"tags":[{"id":0,"name":"test_tag"}],"status":"available"},{"id":1234,"category":{"id":0,"name":"string"},"name":"Kiki","photoUrls":["string"],"tags":[{"id":0,"name":"string"}],"status":"available"},{"id":750,"category":{"id":693,"name":"string"},"name":"doggie","photoUrls":["string","string"],"tags":[{"id":1350,"name":"string"},{"id":5111,"name":"string"}],"status":"available"},{"id":1716163661,"category":{"id":0,"name":"pajaro"},"name":"pupo","photoUrls":["string"],"tags":[{"id":0,"name":"sintag"}],"status":"available"},{"id":25921110,"category":{"id":-68630540,"name":"eiusmod"},"name":"pussyCat","photoUrls":["in fugiat reprehenderit","eu"],"tags":[{"id":-72258284,"name":"irure eiusmod dolore eu"},{"id":60408986,"name":"in qui amet"}],"status":"available"},{"id":50004204,"category":{"id":52780079,"name":"consequat enim pariatur in in"},"name":"doggie","photoUrls":["nostrud occaecat pariatur in","officia elit mollit qui"],"tags":[{"id":61248090,"name":"nisi Lorem sed officia amet"},{"id":4533900,"name":"eu"}],"status":"available"},{"id":31,"category":{"id":2,"name":"perro"},"name":"Firulais","photoUrls":["string"],"tags":[{"id":1,"name":"alegre"}],"status":"available"},{"id":4551,"category":{"id":9327,"name":"string"},"name":"doggie","photoUrls":["string","string"],"tags":[{"id":8327,"name":"string"},{"id":9904,"name":"string"}],"status":"available"},{"id":421375,"category":{"id":1,"name":"Dogs"},"name":"TestDog-421375","photoUrls":["https://example.com/photo1.jpg"],"tags":[{"id":1,"name":"test-tag"}],"status":"available"},{"id":801712505,"category":{"id":1132131,"name":"test_category"},"name":"test_pet_for_api_tool","photoUrls":["http://example.com/photo.jpg"],"tags":[{"id":0,"name":"test_tag"}],"status":"available"},{"id":14152,"name":"Pluto","photoUrls":[],"tags":[],"status":"available"},{"id":141523,"name":"Mars","photoUrls":[],"tags":[],"status":"available"},{"id":147098599,"category":{"id":1132131,"name":"test_category"},"name":"test_pet_for_api_tool","photoUrls":["http://example.com/photo.jpg"],"tags":[{"id":0,"name":"test_tag"}],"status":"available"},{"id":355721135,"category":{"id":1132131,"name":"test_category"},"name":"test_pet_for_api_tool","photoUrls":["http://example.com/photo.jpg"],"tags":[{"id":0,"name":"test_tag"}],"status":"available"},{"id":595651303,"category":{"id":1132131,"name":"test_category"},"name":"test_pet_for_api_tool","photoUrls":["http://example.com/photo.jpg"],"tags":[{"id":0,"name":"test_tag"}],"status":"available"},{"id":991819239,"category":{"id":1132131,"name":"test_category"},"name":"test_pet_for_api_tool","photoUrls":["http://example.com/photo.jpg"],"tags":[{"id":0,"name":"test_tag"}],"status":"available"},{"id":858395862,"category":{"id":1132131,"name":"test_category"},"name":"test_pet_for_api_tool","photoUrls":["http://example.com/photo.jpg"],"tags":[{"id":0,"name":"test_tag"}],"status":"available"},{"id":90,"category":{"id":12,"name":"career.tiff"},"name":"Oscar Vincent","photoUrls":["http://www.cabrera.com/"],"tags":[{"id":40,"name":"ccollins"}],"status":"available"},{"id":1770183776692,"category":{"id":1,"name":"test"},"name":"Pet-1770183776692","photoUrls":["string"],"tags":[{"id":1,"name":"friendly"}],"status":"available"},{"id":1770183777606,"category":{"id":1,"name":"test"},"name":"Pet-1770183777606","photoUrls":["string"],"tags":[{"id":1,"name":"friendly"}],"status":"available"},{"id":1770183778737,"category":{"id":1,"name":"test"},"name":"Pet-1770183778737","photoUrls":["string"],"tags":[{"id":1,"name":"friendly"}],"status":"available"},{"id":1770183779825,"category":{"id":1,"name":"test"},"name":"Pet-1770183779825","photoUrls":["string"],"tags":[{"id":1,"name":"friendly"}],"status":"available"},{"id":1770183780156,"category":{"id":1,"name":"test"},"name":"Pet-1770183780156","photoUrls":["string"],"tags":[{"id":1,"name":"friendly"}],"status":"available"},{"id":1770183781035,"category":{"id":1,"name":"test"},"name":"Pet-1770183781035","photoUrls":["string"],"tags":[{"id":1,"name":"friendly"}],"status":"available"},{"id":1770183782168,"category":{"id":1,"name":"test"},"name":"Pet-1770183782168","photoUrls":["string"],"tags":[{"id":1,"name":"friendly"}],"status":"available"},{"id":1770183783224,"category":{"id":1,"name":"test"},"name":"Pet-1770183783224","photoUrls":["string"],"tags":[{"id":1,"name":"friendly"}],"status":"available"},{"id":1770183784272,"category":{"id":1,"name":"test"},"name":"Pet-1770183784272","photoUrls":["string"],"tags":[{"id":1,"name":"friendly"}],"status":"available"},{"id":1770183785362,"category":{"id":1,"name":"test"},"name":"Pet-1770183785362","photoUrls":["string"],"tags":[{"id":1,"name":"friendly"}],"status":"available"},{"id":1770183786801,"category":{"id":1,"name":"test"},"name":"Pet-1770183786801","photoUrls":["string"],"tags":[{"id":1,"name":"friendly"}],"status":"available"},{"id":1770183787830,"category":{"id":1,"name":"test"},"name":"Pet-1770183787830","photoUrls":["string"],"tags":[{"id":1,"name":"friendly"}],"status":"available"},{"id":1770183789011,"category":{"id":1,"name":"test"},"name":"Pet-1770183789011","photoUrls":["string"],"tags":[{"id":1,"name":"friendly"}],"status":"available"},{"id":96,"category":{"id":46,"name":"window.avi"},"name":"Samantha Hull","photoUrls":["http://www.lucas.com/"],"tags":[{"id":29,"name":"walkerkaren"}],"status":"available"},{"id":1770183790136,"category":{"id":1,"name":"test"},"name":"Pet-1770183790136","photoUrls":["string"],"tags":[{"id":1,"name":"friendly"}],"status":"available"},{"id":1770183791615,"category":{"id":1,"name":"test"},"name":"Pet-1770183791615","photoUrls":["string"],"tags":[{"id":1,"name":"friendly"}],"status":"available"},{"id":1770183792796,"category":{"id":1,"name":"test"},"name":"Pet-1770183792796","photoUrls":["string"],"tags":[{"id":1,"name":"friendly"}],"status":"available"},{"id":1770183793904,"category":{"id":1,"name":"test"},"name":"Pet-1770183793904","photoUrls":["string"],"tags":[{"id":1,"name":"friendly"}],"status":"available"},{"id":1770183795009,"category":{"id":1,"name":"test"},"name":"Pet-1770183795009","photoUrls":["string"],"tags":[{"id":1,"name":"friendly"}],"status":"available"},{"id":1770183796185,"category":{"id":1,"name":"test"},"name":"Pet-1770183796185","photoUrls":["string"],"tags":[{"id":1,"name":"friendly"}],"status":"available"},{"id":1770183797326,"category":{"id":1,"name":"test"},"name":"Pet-1770183797326","photoUrls":["string"],"tags":[{"id":1,"name":"friendly"}],"status":"available"},{"id":358954397,"category":{"id":1132131,"name":"test_category"},"name":"test_pet_for_api_tool","photoUrls":["http://example.com/photo.jpg"],"tags":[{"id":0,"name":"test_tag"}],"status":"available"},{"id":51,"category":{"id":61,"name":"leader.gif"},"name":"James Bishop","photoUrls":["http://www.williams.com/"],"tags":[{"id":38,"name":"megangarcia"}],"status":"available"},{"id":465196223,"category":{"id":1132131,"name":"test_category"},"name":"test_pet_for_api_tool","photoUrls":["http://example.com/photo.jpg"],"tags":[{"id":0,"name":"test_tag"}],"status":"available"},{"id":636548339,"category":{"id":1132131,"name":"test_category"},"name":"test_pet_for_api_tool","photoUrls":["http://example.com/photo.jpg"],"tags":[{"id":0,"name":"test_tag"}],"status":"available"},{"id":626,"category":{"id":626,"name":"Tyson"},"name":"doggie","photoUrls":["string"],"tags":[{"id":0,"name":"string"}],"status":"available"},{"id":356600151,"category":{"id":1132131,"name":"test_category"},"name":"test_pet_for_api_tool","photoUrls":["http://example.com/photo.jpg"],"tags":[{"id":0,"name":"test_tag"}],"status":"available"},{"id":131081777,"category":{"id":1132131,"name":"test_category"},"name":"test_pet_for_api_tool","photoUrls":["http://example.com/photo.jpg"],"tags":[{"id":0,"name":"test_tag"}],"status":"available"},{"id":25555556,"category":{"id":0,"name":"dog"},"name":"kyra","photoUrls":["string"],"tags":[{"id":0,"name":"string"}],"status":"available"},{"id":11712002,"category":{"id":0,"name":"scotish"},"name":"uskup","photoUrls":["string"],"tags":[{"id":0,"name":"string"}],"status":"available"},{"id":5465465465,"category":{"id":1,"name":"Dogs"},"name":"Puppy","photoUrls":["string"],"tags":[{"id":0,"name":"string"}],"status":"available"},{"id":574,"category":{"id":762,"name":"Daryl"},"name":"{{our_pet}}","photoUrls":["{{randomImgUrl}}"],"tags":[{"id":613,"name":"Houston"}],"status":"available"},{"id":22386778,"category":{"id":-25647035,"name":"Duis dolor"},"name":"doggie","photoUrls":["proident qui","eiusmod non fugiat qui in"],"tags":[{"id":28440767,"name":"est ad"},{"id":42048646,"name":"non ad"}],"status":"available"},{"id":731,"category":{"id":0,"name":"string"},"name":"vivi","photoUrls":["string"],"tags":[{"id":0,"name":"string"}],"status":"available"},{"id":7777,"category":{"id":0,"name":"string"},"name":"hello","photoUrls":["string"],"tags":[{"id":0,"name":"string"}],"status":"available"},{"id":312,"category":{"id":0,"name":"string"},"name":"qwqw","photoUrls":["string"],"tags":[{"id":0,"name":"qwqw"}],"status":"available"},{"id":2669,"category":{"id":1,"name":"dog_category"},"name":"maggie","photoUrls":["string"],"tags":[{"id":1,"name":"none"}],"status":"available"},{"id":167,"category":{"id":2,"name":"cat"},"name":"purplefieldstester167","photoUrls":["http://purplefieldstestimage1","http://purplefieldstestimage2"],"tags":[{"id":1,"name":"naughty"},{"id":2,"name":"nice"}],"status":"available"},{"id":171,"name":"Tommy","photoUrls":[],"tags":[],"status":"available"},{"id":1997330,"category":{"id":1,"name":"homePets"},"name":"Sirko","photoUrls":["https://encrypted-tbn0.gstatic.com/images?q=tbn:ANd9GcRJzSfksKjJx9A8lgHn27RkqtwWuNV6r2RhYQ&s"],"tags":[{"id":1,"name":"grey"}],"status":"available"},{"id":9209088,"category":{"id":1,"name":"homePets"},"name":"Sirko","photoUrls":["https://encrypted-tbn0.gstatic.com/images?q=tbn:ANd9GcRJzSfksKjJx9A8lgHn27RkqtwWuNV6r2RhYQ&s"],"tags":[{"id":1,"name":"grey"}],"status":"available"},{"id":77712,"category":{"id":1,"name":"Dogs"},"name":"hex","photoUrls":["url1","url2"],"tags":[{"id":1,"name":"tag1"}],"status":"available"},{"id":33439,"category":{"id":1,"name":"Dogs"},"name":"hex","photoUrls":["url1","url2"],"tags":[{"id":1,"name":"tag1"}],"status":"available"},{"id":632649258,"category":{"id":1132131,"name":"test_category"},"name":"test_pet_for_api_tool","photoUrls":["http://example.com/photo.jpg"],"tags":[{"id":0,"name":"test_tag"}],"status":"available"},{"id":10680,"category":{"id":1,"name":"Dogs"},"name":"hex","photoUrls":["url1","url2"],"tags":[{"id":1,"name":"tag1"}],"status":"available"},{"id":72460,"category":{"id":1,"name":"Dogs"},"name":"hex","photoUrls":["url1","url2"],"tags":[{"id":1,"name":"tag1"}],"status":"available"},{"id":199493953,"category":{"id":1132131,"name":"test_category"},"name":"test_pet_for_api_tool","photoUrls":["http://example.com/photo.jpg"],"tags":[{"id":0,"name":"test_tag"}],"status":"available"},{"id":662,"name":"cat","photoUrls":["string"],"tags":[],"status":"available"},{"id":93001,"name":"HelinDogUpdated","photoUrls":[],"tags":[],"status":"available"},{"id":120,"category":{"id":0,"name":"oleksii new"},"name":"doggie new","photoUrls":["string"],"tags":[{"id":0,"name":"string"}],"status":"available"},{"id":267,"category":{"id":2,"name":"cat"},"name":"purplefieldstester267","photoUrls":["http://purplefieldstestimage1","http://purplefieldstestimage2"],"tags":[{"id":1,"name":"naughty"},{"id":2,"name":"nice"}],"status":"available"},{"id":820,"name":"cat","photoUrls":["string"],"tags":[],"status":"available"},{"id":947426641,"category":{"id":1132131,"name":"test_category"},"name":"test_pet_for_api_tool","photoUrls":["http://example.com/photo.jpg"],"tags":[{"id":0,"name":"test_tag"}],"status":"available"},{"id":665,"name":"lBEMkh6","photoUrls":["KhQ_EER8wqc"],"tags":[{"id":0,"name":"4cmd3w"},{"id":686,"name":"C"},{"id":163,"name":"_e6tRA6VJV"},{"id":0}],"status":"available"},{"id":805,"name":"cat","photoUrls":["string"],"tags":[],"status":"available"},{"id":818,"category":{"id":888,"name":"furtring"},"name":"ggggg","photoUrls":["string"],"tags":[{"id":0,"name":"string"}],"status":"available"},{"id":98765,"category":{"id":1,"name":"Dogs"},"name":"CloudScanner","photoUrls":["https://example.com/photo.jpg"],"tags":[{"id":1,"name":"security-test"}],"status":"available"},{"id":990,"category":{"id":990,"name":"my pet"},"name":"doggie","photoUrls":["string"],"tags":[{"id":1,"name":"string"}],"status":"available"},{"id":123,"category":{"id":0,"name":"string"},"name":"doggie","photoUrls":["string"],"tags":[{"id":0,"name":"string"}],"status":"available"},{"id":54,"name":"cat","photoUrls":["string"],"tags":[],"status":"available"},{"id":53104841941,"name":"Alf Niklasson","photoUrls":[],"tags":[],"status":"available"},{"id":53974997683,"name":"Erik Sjöström","photoUrls":[],"tags":[],"status":"available"},{"id":355927,"name":"Sarah","photoUrls":[],"tags":[],"status":"available"},{"id":1770191860232,"name":"Rex","photoUrls":[],"tags":[],"status":"available"},{"id":76898872546,"name":"Arne Lindblom","photoUrls":[],"tags":[],"status":"available"},{"id":22760350132,"name":"Eric Eriksson Eliasson","photoUrls":[],"tags":[],"status":"available"},{"id":534861,"name":"Scott","photoUrls":[],"tags":[],"status":"available"},{"id":79049250326,"name":"Anja Jeppsson","photoUrls":[],"tags":[],"status":"available"},{"id":24512545195,"name":"Oskar Flink","photoUrls":[],"tags":[],"status":"available"},{"id":154476,"name":"Heidi","photoUrls":[],"tags":[],"status":"available"},{"id":9055555,"category":{"id":0,"name":"string"},"name":"doggie","photoUrls":["string"],"tags":[{"id":0,"name":"gg"}],"status":"available"},{"id":7689,"category":{"id":0,"name":"Cotton"},"name":"Cat","photoUrls":["string"],"tags":[{"id":0,"name":"Pretty cat"}],"status":"available"},{"id":2,"name":"Sea Serpent","photoUrls":[],"tags":[],"status":"available"},{"id":1770192197983,"name":"Rex","photoUrls":[],"tags":[],"status":"available"},{"id":1770192296715,"name":"Rex","photoUrls":[],"tags":[],"status":"available"},{"id":181,"category":{"id":1,"name":"dog"},"name":"Бунечка","photoUrls":["https://cdn1.youla.io/files/images/360_360/67/a0/67a0c4c405418a8ce00b7bc9-2.jpg"],"tags":[{"id":1,"name":"Прекрасный булкин"}],"status":"available"},{"id":5552,"category":{"id":1,"name":"Mammals"},"name":"doggie","photoUrls":["http://example.com/photo1.jpg"],"tags":[{"id":1,"name":"cute"}],"status":"available"},{"id":425,"category":{"id":1,"name":"dog"},"name":"Бунечка","photoUrls":["https://cdn1.youla.io/files/images/360_360/67/a0/67a0c4c405418a8ce00b7bc9-2.jpg"],"tags":[{"id":1,"name":"Прекрасный булкин"}],"status":"available"},{"id":526,"category":{"id":1,"name":"dog"},"name":"Бунечка","photoUrls":["https://cdn1.youla.io/files/images/360_360/67/a0/67a0c4c405418a8ce00b7bc9-2.jpg"],"tags":[{"id":1,"name":"Прекрасный булкин"}],"status":"available"},{"id":98,"category":{"id":1,"name":"dog"},"name":"Бунечка","photoUrls":["https://cdn1.youla.io/files/images/360_360/67/a0/67a0c4c405418a8ce00b7bc9-2.jpg"],"tags":[{"id":1,"name":"Прекрасный булкин"}],"status":"available"},{"id":710,"category":{"id":1,"name":"dog"},"name":"Robyn Deckow","photoUrls":["https://cdn1.youla.io/files/images/360_360/67/a0/67a0c4c405418a8ce00b7bc9-2.jpg"],"tags":[{"id":1,"name":"Прекрасный булкин"}],"status":"available"},{"id":13371488,"category":{"id":2,"name":"dogichislav"},"name":"dog-dogich","photoUrls":[],"tags":[],"status":"available"},{"id":1234567,"name":"test_cat","photoUrls":[],"tags":[],"status":"available"},{"id":1,"category":{"id":1,"name":"string"},"name":"doggie","photoUrls":["string"],"tags":[{"id":1,"name":"string"}],"status":"available"}]

08:28:40.731 [main] INFO  com.intuit.karate - [print] ID récupéré : 4518381029865976308 
08:28:40.748 [main] DEBUG com.intuit.karate - request:
2 > GET https://petstore.swagger.io/v2/pet/4518381029865976308
2 > Host: petstore.swagger.io
2 > Connection: Keep-Alive
2 > User-Agent: Apache-HttpClient/4.5.14 (Java/17.0.18)
2 > Accept-Encoding: gzip,deflate


08:28:40.998 [main] DEBUG com.intuit.karate - response time in milliseconds: 248
2 < 200
2 < Date: Wed, 04 Feb 2026 08:28:40 GMT
2 < Content-Type: application/json
2 < Transfer-Encoding: chunked
2 < Connection: keep-alive
2 < Access-Control-Allow-Origin: *
2 < Access-Control-Allow-Methods: GET, POST, DELETE, PUT
2 < Access-Control-Allow-Headers: Content-Type, api_key, Authorization
2 < Server: Jetty(9.2.9.v20150224)
{"id":4518381029865976308,"name":"newname","photoUrls":[],"tags":[],"status":"available"}

---------------------------------------------------------
feature: classpath:exo2.feature
scenarios:  1 | passed:  1 | failed:  0 | time: 1.4865
---------------------------------------------------------

Karate version: 1.4.1
======================================================
elapsed:   3.96 | threads:    1 | thread time: 1.49 
features:     1 | skipped:    0 | efficiency: 0.38
scenarios:    1 | passed:     1 | failed: 0
======================================================

HTML report: (paste into browser to view) | Karate version: 1.4.1
file:///workspaces/testKarate/target/karate-reports/karate-summary.html
===================================================================

]]></system-out>
  </testcase>
</testsuite>